<?xml version="1.0" encoding="UTF-8"?>
<!-- Generated by org.testng.reporters.JUnitReportReporter -->
<testsuite hostname="DESKTOP-495G7VE" failures="0" tests="1" name="com.qa.TestLayer.LoginPage_Test" time="7.035" errors="0" timestamp="2022-07-04T20:36:25 IST" skipped="0">
  <testcase classname="com.qa.TestLayer.LoginPage_Test" name="verifyLoginPage" time="7.035"/>
  <system-out/>
</testsuite> <!-- com.qa.TestLayer.LoginPage_Test -->
