<?xml version="1.0" encoding="UTF-8"?>
<!-- Generated by org.testng.reporters.JUnitReportReporter -->
<testsuite hostname="DESKTOP-495G7VE" failures="0" tests="1" name="com.qa.TestBase.TestBase" time="18.601" errors="0" timestamp="2022-07-04T17:33:39 IST" skipped="0">
  <testcase classname="com.qa.TestBase.TestBase" name="setup" time="18.601"/>
  <system-out/>
</testsuite> <!-- com.qa.TestBase.TestBase -->
