<?xml version="1.0" encoding="UTF-8"?>
<!-- Generated by org.testng.reporters.JUnitReportReporter -->
<testsuite hostname="DESKTOP-495G7VE" failures="0" tests="1" name="com.qa.TestLayer.Trading_Test" time="23.720" errors="0" timestamp="2022-07-06T21:02:26 IST" skipped="0">
  <testcase classname="com.qa.TestLayer.Trading_Test" name="verifyBuyShare" time="23.720"/>
  <system-out/>
</testsuite> <!-- com.qa.TestLayer.Trading_Test -->
